<?xml version="1.0" encoding="UTF-8"?>
<!-- Generated by org.testng.reporters.JUnitXMLReporter -->
<testsuite ignored="0" hostname="LAPTOP-5OB1FN0K" failures="0" tests="13" name="All Calculator Test" time="0.13" errors="0" timestamp="2021-10-16T13:08:07 MSK">
  <testcase classname="com.epam.tc.hw1.CalculatorMultiplyTest" name="multLongTest" time="0.005"/>
  <testcase classname="com.epam.tc.hw1.CalculatorMultiplyTest" name="multLongTest" time="0.0"/>
  <testcase classname="com.epam.tc.hw1.CalculatorMultiplyTest" name="sumDoubleTest" time="0.001"/>
  <testcase classname="com.epam.tc.hw1.CalculatorMultiplyTest" name="sumDoubleTest" time="0.0"/>
  <testcase classname="com.epam.tc.hw1.CalculatorSubtractTest" name="subDoubleTest" time="0.001"/>
  <testcase classname="com.epam.tc.hw1.CalculatorSubtractTest" name="subDoubleTest" time="0.0"/>
  <testcase classname="com.epam.tc.hw1.CalculatorSubtractTest" name="subLongTest" time="0.0"/>
  <testcase classname="com.epam.tc.hw1.CalculatorSubtractTest" name="subLongTest" time="0.0"/>
  <testcase classname="com.epam.tc.hw1.CalculatorSubtractTest" name="subLongTest" time="0.001"/>
  <testcase classname="com.epam.tc.hw1.CalculatorSumTest" name="sumDoubleTest" time="0.0"/>
  <testcase classname="com.epam.tc.hw1.CalculatorSumTest" name="sumDoubleTest" time="0.0"/>
  <testcase classname="com.epam.tc.hw1.CalculatorSumTest" name="sumLongTest" time="0.004"/>
  <testcase classname="com.epam.tc.hw1.CalculatorSumTest" name="sumLongTest" time="0.002"/>
</testsuite> <!-- All Calculator Test -->
