<?xml version="1.0" encoding="UTF-8"?>
<!-- Generated by org.testng.reporters.JUnitXMLReporter -->
<testsuite ignored="0" hostname="LAPTOP-5OB1FN0K" failures="0" tests="20" name="Basics" time="0.285" errors="0" timestamp="2021-10-19T11:27:55 MSK">
  <testcase classname="com.epam.tc.hw1.basics.CalculatorDivideTest" name="divideDoubleData" time="0.131"/>
  <testcase classname="com.epam.tc.hw1.basics.CalculatorDivideTest" name="divideDoubleData" time="0.0"/>
  <testcase classname="com.epam.tc.hw1.basics.CalculatorDivideTest" name="divideLongData" time="0.0"/>
  <testcase classname="com.epam.tc.hw1.basics.CalculatorDivideTest" name="divideLongData" time="0.0"/>
  <testcase classname="com.epam.tc.hw1.basics.CalculatorDivideTest" name="invalidLongInput" time="0.015"/>
  <testcase classname="com.epam.tc.hw1.basics.CalculatorDivideTest" name="invalidLongInput" time="0.0"/>
  <testcase classname="com.epam.tc.hw1.basics.CalculatorDivideTest" name="invalidLongInput" time="0.0"/>
  <testcase classname="com.epam.tc.hw1.basics.CalculatorMultiplyTest" name="multLongTest" time="0.0"/>
  <testcase classname="com.epam.tc.hw1.basics.CalculatorMultiplyTest" name="multLongTest" time="0.0"/>
  <testcase classname="com.epam.tc.hw1.basics.CalculatorMultiplyTest" name="sumDoubleTest" time="0.0"/>
  <testcase classname="com.epam.tc.hw1.basics.CalculatorMultiplyTest" name="sumDoubleTest" time="0.0"/>
  <testcase classname="com.epam.tc.hw1.basics.CalculatorSubtractTest" name="subDoubleTest" time="0.0"/>
  <testcase classname="com.epam.tc.hw1.basics.CalculatorSubtractTest" name="subDoubleTest" time="0.0"/>
  <testcase classname="com.epam.tc.hw1.basics.CalculatorSubtractTest" name="subLongTest" time="0.0"/>
  <testcase classname="com.epam.tc.hw1.basics.CalculatorSubtractTest" name="subLongTest" time="0.0"/>
  <testcase classname="com.epam.tc.hw1.basics.CalculatorSubtractTest" name="subLongTest" time="0.0"/>
  <testcase classname="com.epam.tc.hw1.basics.CalculatorSumTest" name="sumDoubleTest" time="0.0"/>
  <testcase classname="com.epam.tc.hw1.basics.CalculatorSumTest" name="sumDoubleTest" time="0.0"/>
  <testcase classname="com.epam.tc.hw1.basics.CalculatorSumTest" name="sumLongTest" time="0.0"/>
  <testcase classname="com.epam.tc.hw1.basics.CalculatorSumTest" name="sumLongTest" time="0.0"/>
</testsuite> <!-- Basics -->
