<?xml version="1.0" encoding="UTF-8"?>
<!-- Generated by org.testng.reporters.JUnitXMLReporter -->
<testsuite ignored="0" hostname="LAPTOP-5OB1FN0K" failures="0" tests="8" name="Compound" time="0.032" errors="0" timestamp="2021-10-19T11:27:55 MSK">
  <testcase classname="com.epam.tc.hw1.compound.CalculatorPowTest" name="powTest" time="0.0"/>
  <testcase classname="com.epam.tc.hw1.compound.CalculatorPowTest" name="powTest" time="0.0"/>
  <testcase classname="com.epam.tc.hw1.compound.CalculatorPowTest" name="powTest" time="0.0"/>
  <testcase classname="com.epam.tc.hw1.compound.CalculatorPowTest" name="powTest" time="0.0"/>
  <testcase classname="com.epam.tc.hw1.compound.CalculatorSqrtTest" name="multLongTest" time="0.0"/>
  <testcase classname="com.epam.tc.hw1.compound.CalculatorSqrtTest" name="multLongTest" time="0.0"/>
  <testcase classname="com.epam.tc.hw1.compound.CalculatorSqrtTest" name="multLongTest" time="0.0"/>
  <testcase classname="com.epam.tc.hw1.compound.CalculatorSqrtTest" name="multLongTest" time="0.0"/>
</testsuite> <!-- Compound -->
