<?xml version="1.0" encoding="UTF-8"?>
<!-- Generated by org.testng.reporters.JUnitXMLReporter -->
<testsuite ignored="0" hostname="LAPTOP-5OB1FN0K" failures="0" tests="14" name="Sign" time="0.031" errors="0" timestamp="2021-10-19T11:27:55 MSK">
  <testcase classname="com.epam.tc.hw1.sign.CalculatorPlusSignTest" name="minusSignTest" time="0.0"/>
  <testcase classname="com.epam.tc.hw1.sign.CalculatorPlusSignTest" name="minusSignTest" time="0.0"/>
  <testcase classname="com.epam.tc.hw1.sign.CalculatorPlusSignTest" name="minusSignTest" time="0.016"/>
  <testcase classname="com.epam.tc.hw1.sign.CalculatorPlusSignTest" name="minusSignTest" time="0.0"/>
  <testcase classname="com.epam.tc.hw1.sign.CalculatorPlusSignTest" name="minusSignTest" time="0.0"/>
  <testcase classname="com.epam.tc.hw1.sign.CalculatorPlusSignTest" name="minusSignTest" time="0.0"/>
  <testcase classname="com.epam.tc.hw1.sign.CalculatorPlusSignTest" name="minusSignTest" time="0.0"/>
  <testcase classname="com.epam.tc.hw1.sign.CalculatorPlusSignTest" name="plusSignTest" time="0.0"/>
  <testcase classname="com.epam.tc.hw1.sign.CalculatorPlusSignTest" name="plusSignTest" time="0.0"/>
  <testcase classname="com.epam.tc.hw1.sign.CalculatorPlusSignTest" name="plusSignTest" time="0.015"/>
  <testcase classname="com.epam.tc.hw1.sign.CalculatorPlusSignTest" name="plusSignTest" time="0.0"/>
  <testcase classname="com.epam.tc.hw1.sign.CalculatorPlusSignTest" name="plusSignTest" time="0.0"/>
  <testcase classname="com.epam.tc.hw1.sign.CalculatorPlusSignTest" name="plusSignTest" time="0.0"/>
  <testcase classname="com.epam.tc.hw1.sign.CalculatorPlusSignTest" name="plusSignTest" time="0.0"/>
</testsuite> <!-- Sign -->
