<?xml version="1.0" encoding="UTF-8"?>
<testng-results ignored="0" total="45" passed="45" failed="0" skipped="0">
  <reporter-output>
  </reporter-output>
  <suite started-at="2021-10-19T11:27:54 MSK" name="All Calculator Test Suite" finished-at="2021-10-19T11:27:55 MSK" duration-ms="470">
    <groups>
    </groups>
    <test started-at="2021-10-19T11:27:54 MSK" name="Basics" finished-at="2021-10-19T11:27:55 MSK" duration-ms="285">
      <class name="com.epam.tc.hw1.basics.CalculatorDivideTest">
        <test-method is-config="true" signature="setUp()[pri:0, instance:com.epam.tc.hw1.basics.CalculatorDivideTest@4f67eb2a]" started-at="2021-10-19T11:27:55 MSK" name="setUp" finished-at="2021-10-19T11:27:55 MSK" duration-ms="23" status="PASS">
          <reporter-output>
          </reporter-output>
        </test-method> <!-- setUp -->
        <test-method signature="divideDoubleData(double,double,double)[pri:0, instance:com.epam.tc.hw1.basics.CalculatorDivideTest@4f67eb2a]" started-at="2021-10-19T11:27:55 MSK" name="divideDoubleData" data-provider="divideDoubleData" finished-at="2021-10-19T11:27:55 MSK" duration-ms="131" status="PASS">
          <params>
            <param index="0">
              <value>
                <![CDATA[2.4]]>
              </value>
            </param>
            <param index="1">
              <value>
                <![CDATA[3.0]]>
              </value>
            </param>
            <param index="2">
              <value>
                <![CDATA[0.7999999999999999]]>
              </value>
            </param>
          </params>
          <reporter-output>
          </reporter-output>
        </test-method> <!-- divideDoubleData -->
        <test-method is-config="true" signature="setUp()[pri:0, instance:com.epam.tc.hw1.basics.CalculatorDivideTest@4f67eb2a]" started-at="2021-10-19T11:27:55 MSK" name="setUp" finished-at="2021-10-19T11:27:55 MSK" duration-ms="0" status="PASS">
          <reporter-output>
          </reporter-output>
        </test-method> <!-- setUp -->
        <test-method signature="divideLongData(long,long,long)[pri:0, instance:com.epam.tc.hw1.basics.CalculatorDivideTest@4f67eb2a]" started-at="2021-10-19T11:27:55 MSK" name="divideLongData" data-provider="divideLongData" finished-at="2021-10-19T11:27:55 MSK" duration-ms="0" status="PASS">
          <params>
            <param index="0">
              <value>
                <![CDATA[7]]>
              </value>
            </param>
            <param index="1">
              <value>
                <![CDATA[7]]>
              </value>
            </param>
            <param index="2">
              <value>
                <![CDATA[1]]>
              </value>
            </param>
          </params>
          <reporter-output>
          </reporter-output>
        </test-method> <!-- divideLongData -->
        <test-method signature="invalidLongInput(long,long)[pri:0, instance:com.epam.tc.hw1.basics.CalculatorDivideTest@4f67eb2a]" started-at="2021-10-19T11:27:55 MSK" name="invalidLongInput" data-provider="invalidLongData" finished-at="2021-10-19T11:27:55 MSK" duration-ms="15" status="PASS">
          <params>
            <param index="0">
              <value>
                <![CDATA[4]]>
              </value>
            </param>
            <param index="1">
              <value>
                <![CDATA[0]]>
              </value>
            </param>
          </params>
          <reporter-output>
          </reporter-output>
        </test-method> <!-- invalidLongInput -->
        <test-method signature="divideLongData(long,long,long)[pri:0, instance:com.epam.tc.hw1.basics.CalculatorDivideTest@4f67eb2a]" started-at="2021-10-19T11:27:55 MSK" name="divideLongData" data-provider="divideLongData" finished-at="2021-10-19T11:27:55 MSK" duration-ms="0" status="PASS">
          <params>
            <param index="0">
              <value>
                <![CDATA[2]]>
              </value>
            </param>
            <param index="1">
              <value>
                <![CDATA[3]]>
              </value>
            </param>
            <param index="2">
              <value>
                <![CDATA[0]]>
              </value>
            </param>
          </params>
          <reporter-output>
          </reporter-output>
        </test-method> <!-- divideLongData -->
        <test-method is-config="true" signature="tearDown()[pri:0, instance:com.epam.tc.hw1.basics.CalculatorDivideTest@4f67eb2a]" started-at="2021-10-19T11:27:55 MSK" name="tearDown" finished-at="2021-10-19T11:27:55 MSK" duration-ms="0" status="PASS">
          <reporter-output>
          </reporter-output>
        </test-method> <!-- tearDown -->
        <test-method is-config="true" signature="setUp()[pri:0, instance:com.epam.tc.hw1.basics.CalculatorDivideTest@4f67eb2a]" started-at="2021-10-19T11:27:55 MSK" name="setUp" finished-at="2021-10-19T11:27:55 MSK" duration-ms="0" status="PASS">
          <reporter-output>
          </reporter-output>
        </test-method> <!-- setUp -->
        <test-method is-config="true" signature="tearDown()[pri:0, instance:com.epam.tc.hw1.basics.CalculatorDivideTest@4f67eb2a]" started-at="2021-10-19T11:27:55 MSK" name="tearDown" finished-at="2021-10-19T11:27:55 MSK" duration-ms="0" status="PASS">
          <reporter-output>
          </reporter-output>
        </test-method> <!-- tearDown -->
        <test-method is-config="true" signature="tearDown()[pri:0, instance:com.epam.tc.hw1.basics.CalculatorDivideTest@4f67eb2a]" started-at="2021-10-19T11:27:55 MSK" name="tearDown" finished-at="2021-10-19T11:27:55 MSK" duration-ms="0" status="PASS">
          <reporter-output>
          </reporter-output>
        </test-method> <!-- tearDown -->
        <test-method signature="divideDoubleData(double,double,double)[pri:0, instance:com.epam.tc.hw1.basics.CalculatorDivideTest@4f67eb2a]" started-at="2021-10-19T11:27:55 MSK" name="divideDoubleData" data-provider="divideDoubleData" finished-at="2021-10-19T11:27:55 MSK" duration-ms="0" status="PASS">
          <params>
            <param index="0">
              <value>
                <![CDATA[3.0]]>
              </value>
            </param>
            <param index="1">
              <value>
                <![CDATA[4.0]]>
              </value>
            </param>
            <param index="2">
              <value>
                <![CDATA[0.75]]>
              </value>
            </param>
          </params>
          <reporter-output>
          </reporter-output>
        </test-method> <!-- divideDoubleData -->
        <test-method is-config="true" signature="setUp()[pri:0, instance:com.epam.tc.hw1.basics.CalculatorDivideTest@4f67eb2a]" started-at="2021-10-19T11:27:55 MSK" name="setUp" finished-at="2021-10-19T11:27:55 MSK" duration-ms="0" status="PASS">
          <reporter-output>
          </reporter-output>
        </test-method> <!-- setUp -->
        <test-method is-config="true" signature="setUp()[pri:0, instance:com.epam.tc.hw1.basics.CalculatorDivideTest@4f67eb2a]" started-at="2021-10-19T11:27:55 MSK" name="setUp" finished-at="2021-10-19T11:27:55 MSK" duration-ms="0" status="PASS">
          <reporter-output>
          </reporter-output>
        </test-method> <!-- setUp -->
        <test-method is-config="true" signature="tearDown()[pri:0, instance:com.epam.tc.hw1.basics.CalculatorDivideTest@4f67eb2a]" started-at="2021-10-19T11:27:55 MSK" name="tearDown" finished-at="2021-10-19T11:27:55 MSK" duration-ms="0" status="PASS">
          <reporter-output>
          </reporter-output>
        </test-method> <!-- tearDown -->
        <test-method signature="invalidLongInput(long,long)[pri:0, instance:com.epam.tc.hw1.basics.CalculatorDivideTest@4f67eb2a]" started-at="2021-10-19T11:27:55 MSK" name="invalidLongInput" data-provider="invalidLongData" finished-at="2021-10-19T11:27:55 MSK" duration-ms="0" status="PASS">
          <params>
            <param index="0">
              <value>
                <![CDATA[3]]>
              </value>
            </param>
            <param index="1">
              <value>
                <![CDATA[0]]>
              </value>
            </param>
          </params>
          <reporter-output>
          </reporter-output>
        </test-method> <!-- invalidLongInput -->
        <test-method signature="invalidLongInput(long,long)[pri:0, instance:com.epam.tc.hw1.basics.CalculatorDivideTest@4f67eb2a]" started-at="2021-10-19T11:27:55 MSK" name="invalidLongInput" data-provider="invalidLongData" finished-at="2021-10-19T11:27:55 MSK" duration-ms="0" status="PASS">
          <params>
            <param index="0">
              <value>
                <![CDATA[5]]>
              </value>
            </param>
            <param index="1">
              <value>
                <![CDATA[0]]>
              </value>
            </param>
          </params>
          <reporter-output>
          </reporter-output>
        </test-method> <!-- invalidLongInput -->
        <test-method is-config="true" signature="tearDown()[pri:0, instance:com.epam.tc.hw1.basics.CalculatorDivideTest@4f67eb2a]" started-at="2021-10-19T11:27:55 MSK" name="tearDown" finished-at="2021-10-19T11:27:55 MSK" duration-ms="0" status="PASS">
          <reporter-output>
          </reporter-output>
        </test-method> <!-- tearDown -->
        <test-method is-config="true" signature="tearDown()[pri:0, instance:com.epam.tc.hw1.basics.CalculatorDivideTest@4f67eb2a]" started-at="2021-10-19T11:27:55 MSK" name="tearDown" finished-at="2021-10-19T11:27:55 MSK" duration-ms="0" status="PASS">
          <reporter-output>
          </reporter-output>
        </test-method> <!-- tearDown -->
        <test-method is-config="true" signature="setUp()[pri:0, instance:com.epam.tc.hw1.basics.CalculatorDivideTest@4f67eb2a]" started-at="2021-10-19T11:27:55 MSK" name="setUp" finished-at="2021-10-19T11:27:55 MSK" duration-ms="0" status="PASS">
          <reporter-output>
          </reporter-output>
        </test-method> <!-- setUp -->
        <test-method is-config="true" signature="setUp()[pri:0, instance:com.epam.tc.hw1.basics.CalculatorDivideTest@4f67eb2a]" started-at="2021-10-19T11:27:55 MSK" name="setUp" finished-at="2021-10-19T11:27:55 MSK" duration-ms="0" status="PASS">
          <reporter-output>
          </reporter-output>
        </test-method> <!-- setUp -->
        <test-method is-config="true" signature="tearDown()[pri:0, instance:com.epam.tc.hw1.basics.CalculatorDivideTest@4f67eb2a]" started-at="2021-10-19T11:27:55 MSK" name="tearDown" finished-at="2021-10-19T11:27:55 MSK" duration-ms="0" status="PASS">
          <reporter-output>
          </reporter-output>
        </test-method> <!-- tearDown -->
      </class> <!-- com.epam.tc.hw1.basics.CalculatorDivideTest -->
      <class name="com.epam.tc.hw1.basics.CalculatorMultiplyTest">
        <test-method is-config="true" signature="setUp()[pri:0, instance:com.epam.tc.hw1.basics.CalculatorMultiplyTest@62230c58]" started-at="2021-10-19T11:27:55 MSK" name="setUp" finished-at="2021-10-19T11:27:55 MSK" duration-ms="0" status="PASS">
          <reporter-output>
          </reporter-output>
        </test-method> <!-- setUp -->
        <test-method is-config="true" signature="setUp()[pri:0, instance:com.epam.tc.hw1.basics.CalculatorMultiplyTest@62230c58]" started-at="2021-10-19T11:27:55 MSK" name="setUp" finished-at="2021-10-19T11:27:55 MSK" duration-ms="0" status="PASS">
          <reporter-output>
          </reporter-output>
        </test-method> <!-- setUp -->
        <test-method signature="multLongTest(long,long,long)[pri:0, instance:com.epam.tc.hw1.basics.CalculatorMultiplyTest@62230c58]" started-at="2021-10-19T11:27:55 MSK" name="multLongTest" data-provider="multiplyLongData" finished-at="2021-10-19T11:27:55 MSK" duration-ms="0" status="PASS">
          <params>
            <param index="0">
              <value>
                <![CDATA[7]]>
              </value>
            </param>
            <param index="1">
              <value>
                <![CDATA[7]]>
              </value>
            </param>
            <param index="2">
              <value>
                <![CDATA[49]]>
              </value>
            </param>
          </params>
          <reporter-output>
          </reporter-output>
        </test-method> <!-- multLongTest -->
        <test-method is-config="true" signature="tearDown()[pri:0, instance:com.epam.tc.hw1.basics.CalculatorMultiplyTest@62230c58]" started-at="2021-10-19T11:27:55 MSK" name="tearDown" finished-at="2021-10-19T11:27:55 MSK" duration-ms="0" status="PASS">
          <reporter-output>
          </reporter-output>
        </test-method> <!-- tearDown -->
        <test-method signature="multLongTest(long,long,long)[pri:0, instance:com.epam.tc.hw1.basics.CalculatorMultiplyTest@62230c58]" started-at="2021-10-19T11:27:55 MSK" name="multLongTest" data-provider="multiplyLongData" finished-at="2021-10-19T11:27:55 MSK" duration-ms="0" status="PASS">
          <params>
            <param index="0">
              <value>
                <![CDATA[2]]>
              </value>
            </param>
            <param index="1">
              <value>
                <![CDATA[3]]>
              </value>
            </param>
            <param index="2">
              <value>
                <![CDATA[6]]>
              </value>
            </param>
          </params>
          <reporter-output>
          </reporter-output>
        </test-method> <!-- multLongTest -->
        <test-method is-config="true" signature="setUp()[pri:0, instance:com.epam.tc.hw1.basics.CalculatorMultiplyTest@62230c58]" started-at="2021-10-19T11:27:55 MSK" name="setUp" finished-at="2021-10-19T11:27:55 MSK" duration-ms="0" status="PASS">
          <reporter-output>
          </reporter-output>
        </test-method> <!-- setUp -->
        <test-method signature="sumDoubleTest(double,double,double)[pri:0, instance:com.epam.tc.hw1.basics.CalculatorMultiplyTest@62230c58]" started-at="2021-10-19T11:27:55 MSK" name="sumDoubleTest" data-provider="multiplyDoubleData" finished-at="2021-10-19T11:27:55 MSK" duration-ms="0" status="PASS">
          <params>
            <param index="0">
              <value>
                <![CDATA[2.0]]>
              </value>
            </param>
            <param index="1">
              <value>
                <![CDATA[3.1]]>
              </value>
            </param>
            <param index="2">
              <value>
                <![CDATA[6.0]]>
              </value>
            </param>
          </params>
          <reporter-output>
          </reporter-output>
        </test-method> <!-- sumDoubleTest -->
        <test-method is-config="true" signature="tearDown()[pri:0, instance:com.epam.tc.hw1.basics.CalculatorMultiplyTest@62230c58]" started-at="2021-10-19T11:27:55 MSK" name="tearDown" finished-at="2021-10-19T11:27:55 MSK" duration-ms="0" status="PASS">
          <reporter-output>
          </reporter-output>
        </test-method> <!-- tearDown -->
        <test-method is-config="true" signature="tearDown()[pri:0, instance:com.epam.tc.hw1.basics.CalculatorMultiplyTest@62230c58]" started-at="2021-10-19T11:27:55 MSK" name="tearDown" finished-at="2021-10-19T11:27:55 MSK" duration-ms="0" status="PASS">
          <reporter-output>
          </reporter-output>
        </test-method> <!-- tearDown -->
        <test-method signature="sumDoubleTest(double,double,double)[pri:0, instance:com.epam.tc.hw1.basics.CalculatorMultiplyTest@62230c58]" started-at="2021-10-19T11:27:55 MSK" name="sumDoubleTest" data-provider="multiplyDoubleData" finished-at="2021-10-19T11:27:55 MSK" duration-ms="0" status="PASS">
          <params>
            <param index="0">
              <value>
                <![CDATA[7.5]]>
              </value>
            </param>
            <param index="1">
              <value>
                <![CDATA[7.3]]>
              </value>
            </param>
            <param index="2">
              <value>
                <![CDATA[54.0]]>
              </value>
            </param>
          </params>
          <reporter-output>
          </reporter-output>
        </test-method> <!-- sumDoubleTest -->
        <test-method is-config="true" signature="tearDown()[pri:0, instance:com.epam.tc.hw1.basics.CalculatorMultiplyTest@62230c58]" started-at="2021-10-19T11:27:55 MSK" name="tearDown" finished-at="2021-10-19T11:27:55 MSK" duration-ms="0" status="PASS">
          <reporter-output>
          </reporter-output>
        </test-method> <!-- tearDown -->
        <test-method is-config="true" signature="setUp()[pri:0, instance:com.epam.tc.hw1.basics.CalculatorMultiplyTest@62230c58]" started-at="2021-10-19T11:27:55 MSK" name="setUp" finished-at="2021-10-19T11:27:55 MSK" duration-ms="0" status="PASS">
          <reporter-output>
          </reporter-output>
        </test-method> <!-- setUp -->
      </class> <!-- com.epam.tc.hw1.basics.CalculatorMultiplyTest -->
      <class name="com.epam.tc.hw1.basics.CalculatorSumTest">
        <test-method is-config="true" signature="tearDown()[pri:0, instance:com.epam.tc.hw1.basics.CalculatorSumTest@e7edb54]" started-at="2021-10-19T11:27:55 MSK" name="tearDown" finished-at="2021-10-19T11:27:55 MSK" duration-ms="0" status="PASS">
          <reporter-output>
          </reporter-output>
        </test-method> <!-- tearDown -->
        <test-method is-config="true" signature="tearDown()[pri:0, instance:com.epam.tc.hw1.basics.CalculatorSumTest@e7edb54]" started-at="2021-10-19T11:27:55 MSK" name="tearDown" finished-at="2021-10-19T11:27:55 MSK" duration-ms="16" status="PASS">
          <reporter-output>
          </reporter-output>
        </test-method> <!-- tearDown -->
        <test-method is-config="true" signature="setUp()[pri:0, instance:com.epam.tc.hw1.basics.CalculatorSumTest@e7edb54]" started-at="2021-10-19T11:27:55 MSK" name="setUp" finished-at="2021-10-19T11:27:55 MSK" duration-ms="0" status="PASS">
          <reporter-output>
          </reporter-output>
        </test-method> <!-- setUp -->
        <test-method signature="sumDoubleTest(double,double,double)[pri:0, instance:com.epam.tc.hw1.basics.CalculatorSumTest@e7edb54]" started-at="2021-10-19T11:27:55 MSK" name="sumDoubleTest" data-provider="addDoubleData" finished-at="2021-10-19T11:27:55 MSK" duration-ms="0" status="PASS">
          <params>
            <param index="0">
              <value>
                <![CDATA[7.5]]>
              </value>
            </param>
            <param index="1">
              <value>
                <![CDATA[7.3]]>
              </value>
            </param>
            <param index="2">
              <value>
                <![CDATA[14.8]]>
              </value>
            </param>
          </params>
          <reporter-output>
          </reporter-output>
        </test-method> <!-- sumDoubleTest -->
        <test-method is-config="true" signature="setUp()[pri:0, instance:com.epam.tc.hw1.basics.CalculatorSumTest@e7edb54]" started-at="2021-10-19T11:27:55 MSK" name="setUp" finished-at="2021-10-19T11:27:55 MSK" duration-ms="0" status="PASS">
          <reporter-output>
          </reporter-output>
        </test-method> <!-- setUp -->
        <test-method signature="sumDoubleTest(double,double,double)[pri:0, instance:com.epam.tc.hw1.basics.CalculatorSumTest@e7edb54]" started-at="2021-10-19T11:27:55 MSK" name="sumDoubleTest" data-provider="addDoubleData" finished-at="2021-10-19T11:27:55 MSK" duration-ms="0" status="PASS">
          <params>
            <param index="0">
              <value>
                <![CDATA[2.0]]>
              </value>
            </param>
            <param index="1">
              <value>
                <![CDATA[3.1]]>
              </value>
            </param>
            <param index="2">
              <value>
                <![CDATA[5.1]]>
              </value>
            </param>
          </params>
          <reporter-output>
          </reporter-output>
        </test-method> <!-- sumDoubleTest -->
        <test-method is-config="true" signature="setUp()[pri:0, instance:com.epam.tc.hw1.basics.CalculatorSumTest@e7edb54]" started-at="2021-10-19T11:27:55 MSK" name="setUp" finished-at="2021-10-19T11:27:55 MSK" duration-ms="0" status="PASS">
          <reporter-output>
          </reporter-output>
        </test-method> <!-- setUp -->
        <test-method signature="sumLongTest(long,long,long)[pri:0, instance:com.epam.tc.hw1.basics.CalculatorSumTest@e7edb54]" started-at="2021-10-19T11:27:55 MSK" name="sumLongTest" data-provider="addLongData" finished-at="2021-10-19T11:27:55 MSK" duration-ms="0" status="PASS">
          <params>
            <param index="0">
              <value>
                <![CDATA[7]]>
              </value>
            </param>
            <param index="1">
              <value>
                <![CDATA[7]]>
              </value>
            </param>
            <param index="2">
              <value>
                <![CDATA[14]]>
              </value>
            </param>
          </params>
          <reporter-output>
          </reporter-output>
        </test-method> <!-- sumLongTest -->
        <test-method signature="sumLongTest(long,long,long)[pri:0, instance:com.epam.tc.hw1.basics.CalculatorSumTest@e7edb54]" started-at="2021-10-19T11:27:55 MSK" name="sumLongTest" data-provider="addLongData" finished-at="2021-10-19T11:27:55 MSK" duration-ms="0" status="PASS">
          <params>
            <param index="0">
              <value>
                <![CDATA[2]]>
              </value>
            </param>
            <param index="1">
              <value>
                <![CDATA[3]]>
              </value>
            </param>
            <param index="2">
              <value>
                <![CDATA[5]]>
              </value>
            </param>
          </params>
          <reporter-output>
          </reporter-output>
        </test-method> <!-- sumLongTest -->
        <test-method is-config="true" signature="tearDown()[pri:0, instance:com.epam.tc.hw1.basics.CalculatorSumTest@e7edb54]" started-at="2021-10-19T11:27:55 MSK" name="tearDown" finished-at="2021-10-19T11:27:55 MSK" duration-ms="0" status="PASS">
          <reporter-output>
          </reporter-output>
        </test-method> <!-- tearDown -->
        <test-method is-config="true" signature="tearDown()[pri:0, instance:com.epam.tc.hw1.basics.CalculatorSumTest@e7edb54]" started-at="2021-10-19T11:27:55 MSK" name="tearDown" finished-at="2021-10-19T11:27:55 MSK" duration-ms="0" status="PASS">
          <reporter-output>
          </reporter-output>
        </test-method> <!-- tearDown -->
        <test-method is-config="true" signature="setUp()[pri:0, instance:com.epam.tc.hw1.basics.CalculatorSumTest@e7edb54]" started-at="2021-10-19T11:27:55 MSK" name="setUp" finished-at="2021-10-19T11:27:55 MSK" duration-ms="0" status="PASS">
          <reporter-output>
          </reporter-output>
        </test-method> <!-- setUp -->
      </class> <!-- com.epam.tc.hw1.basics.CalculatorSumTest -->
      <class name="com.epam.tc.hw1.basics.CalculatorSubtractTest">
        <test-method is-config="true" signature="setUp()[pri:0, instance:com.epam.tc.hw1.basics.CalculatorSubtractTest@2cd2a21f]" started-at="2021-10-19T11:27:55 MSK" name="setUp" finished-at="2021-10-19T11:27:55 MSK" duration-ms="0" status="PASS">
          <reporter-output>
          </reporter-output>
        </test-method> <!-- setUp -->
        <test-method signature="subDoubleTest(double,double,double)[pri:0, instance:com.epam.tc.hw1.basics.CalculatorSubtractTest@2cd2a21f]" started-at="2021-10-19T11:27:55 MSK" name="subDoubleTest" data-provider="subDoubleData" finished-at="2021-10-19T11:27:55 MSK" duration-ms="0" status="PASS">
          <params>
            <param index="0">
              <value>
                <![CDATA[2.0]]>
              </value>
            </param>
            <param index="1">
              <value>
                <![CDATA[3.1]]>
              </value>
            </param>
            <param index="2">
              <value>
                <![CDATA[-1.1]]>
              </value>
            </param>
          </params>
          <reporter-output>
          </reporter-output>
        </test-method> <!-- subDoubleTest -->
        <test-method signature="subDoubleTest(double,double,double)[pri:0, instance:com.epam.tc.hw1.basics.CalculatorSubtractTest@2cd2a21f]" started-at="2021-10-19T11:27:55 MSK" name="subDoubleTest" data-provider="subDoubleData" finished-at="2021-10-19T11:27:55 MSK" duration-ms="0" status="PASS">
          <params>
            <param index="0">
              <value>
                <![CDATA[8.9]]>
              </value>
            </param>
            <param index="1">
              <value>
                <![CDATA[7.3]]>
              </value>
            </param>
            <param index="2">
              <value>
                <![CDATA[1.6000000000000005]]>
              </value>
            </param>
          </params>
          <reporter-output>
          </reporter-output>
        </test-method> <!-- subDoubleTest -->
        <test-method is-config="true" signature="tearDown()[pri:0, instance:com.epam.tc.hw1.basics.CalculatorSubtractTest@2cd2a21f]" started-at="2021-10-19T11:27:55 MSK" name="tearDown" finished-at="2021-10-19T11:27:55 MSK" duration-ms="0" status="PASS">
          <reporter-output>
          </reporter-output>
        </test-method> <!-- tearDown -->
        <test-method is-config="true" signature="setUp()[pri:0, instance:com.epam.tc.hw1.basics.CalculatorSubtractTest@2cd2a21f]" started-at="2021-10-19T11:27:55 MSK" name="setUp" finished-at="2021-10-19T11:27:55 MSK" duration-ms="0" status="PASS">
          <reporter-output>
          </reporter-output>
        </test-method> <!-- setUp -->
        <test-method is-config="true" signature="setUp()[pri:0, instance:com.epam.tc.hw1.basics.CalculatorSubtractTest@2cd2a21f]" started-at="2021-10-19T11:27:55 MSK" name="setUp" finished-at="2021-10-19T11:27:55 MSK" duration-ms="0" status="PASS">
          <reporter-output>
          </reporter-output>
        </test-method> <!-- setUp -->
        <test-method is-config="true" signature="tearDown()[pri:0, instance:com.epam.tc.hw1.basics.CalculatorSubtractTest@2cd2a21f]" started-at="2021-10-19T11:27:55 MSK" name="tearDown" finished-at="2021-10-19T11:27:55 MSK" duration-ms="0" status="PASS">
          <reporter-output>
          </reporter-output>
        </test-method> <!-- tearDown -->
        <test-method is-config="true" signature="tearDown()[pri:0, instance:com.epam.tc.hw1.basics.CalculatorSubtractTest@2cd2a21f]" started-at="2021-10-19T11:27:55 MSK" name="tearDown" finished-at="2021-10-19T11:27:55 MSK" duration-ms="0" status="PASS">
          <reporter-output>
          </reporter-output>
        </test-method> <!-- tearDown -->
        <test-method is-config="true" signature="tearDown()[pri:0, instance:com.epam.tc.hw1.basics.CalculatorSubtractTest@2cd2a21f]" started-at="2021-10-19T11:27:55 MSK" name="tearDown" finished-at="2021-10-19T11:27:55 MSK" duration-ms="0" status="PASS">
          <reporter-output>
          </reporter-output>
        </test-method> <!-- tearDown -->
        <test-method signature="subLongTest(long,long,long)[pri:0, instance:com.epam.tc.hw1.basics.CalculatorSubtractTest@2cd2a21f]" started-at="2021-10-19T11:27:55 MSK" name="subLongTest" data-provider="subLongData" finished-at="2021-10-19T11:27:55 MSK" duration-ms="0" status="PASS">
          <params>
            <param index="0">
              <value>
                <![CDATA[7]]>
              </value>
            </param>
            <param index="1">
              <value>
                <![CDATA[7]]>
              </value>
            </param>
            <param index="2">
              <value>
                <![CDATA[0]]>
              </value>
            </param>
          </params>
          <reporter-output>
          </reporter-output>
        </test-method> <!-- subLongTest -->
        <test-method is-config="true" signature="tearDown()[pri:0, instance:com.epam.tc.hw1.basics.CalculatorSubtractTest@2cd2a21f]" started-at="2021-10-19T11:27:55 MSK" name="tearDown" finished-at="2021-10-19T11:27:55 MSK" duration-ms="0" status="PASS">
          <reporter-output>
          </reporter-output>
        </test-method> <!-- tearDown -->
        <test-method signature="subLongTest(long,long,long)[pri:0, instance:com.epam.tc.hw1.basics.CalculatorSubtractTest@2cd2a21f]" started-at="2021-10-19T11:27:55 MSK" name="subLongTest" data-provider="subLongData" finished-at="2021-10-19T11:27:55 MSK" duration-ms="0" status="PASS">
          <params>
            <param index="0">
              <value>
                <![CDATA[8]]>
              </value>
            </param>
            <param index="1">
              <value>
                <![CDATA[3]]>
              </value>
            </param>
            <param index="2">
              <value>
                <![CDATA[5]]>
              </value>
            </param>
          </params>
          <reporter-output>
          </reporter-output>
        </test-method> <!-- subLongTest -->
        <test-method is-config="true" signature="setUp()[pri:0, instance:com.epam.tc.hw1.basics.CalculatorSubtractTest@2cd2a21f]" started-at="2021-10-19T11:27:55 MSK" name="setUp" finished-at="2021-10-19T11:27:55 MSK" duration-ms="0" status="PASS">
          <reporter-output>
          </reporter-output>
        </test-method> <!-- setUp -->
        <test-method is-config="true" signature="setUp()[pri:0, instance:com.epam.tc.hw1.basics.CalculatorSubtractTest@2cd2a21f]" started-at="2021-10-19T11:27:55 MSK" name="setUp" finished-at="2021-10-19T11:27:55 MSK" duration-ms="0" status="PASS">
          <reporter-output>
          </reporter-output>
        </test-method> <!-- setUp -->
        <test-method signature="subLongTest(long,long,long)[pri:0, instance:com.epam.tc.hw1.basics.CalculatorSubtractTest@2cd2a21f]" started-at="2021-10-19T11:27:55 MSK" name="subLongTest" data-provider="subLongData" finished-at="2021-10-19T11:27:55 MSK" duration-ms="0" status="PASS">
          <params>
            <param index="0">
              <value>
                <![CDATA[2]]>
              </value>
            </param>
            <param index="1">
              <value>
                <![CDATA[3]]>
              </value>
            </param>
            <param index="2">
              <value>
                <![CDATA[-1]]>
              </value>
            </param>
          </params>
          <reporter-output>
          </reporter-output>
        </test-method> <!-- subLongTest -->
      </class> <!-- com.epam.tc.hw1.basics.CalculatorSubtractTest -->
    </test> <!-- Basics -->
    <test started-at="2021-10-19T11:27:55 MSK" name="Compound" finished-at="2021-10-19T11:27:55 MSK" duration-ms="32">
      <class name="com.epam.tc.hw1.compound.CalculatorPowTest">
        <test-method is-config="true" signature="setUp()[pri:0, instance:com.epam.tc.hw1.compound.CalculatorPowTest@20f5239f]" started-at="2021-10-19T11:27:55 MSK" name="setUp" finished-at="2021-10-19T11:27:55 MSK" duration-ms="0" status="PASS">
          <reporter-output>
          </reporter-output>
        </test-method> <!-- setUp -->
        <test-method signature="powTest(double,double,double)[pri:0, instance:com.epam.tc.hw1.compound.CalculatorPowTest@20f5239f]" started-at="2021-10-19T11:27:55 MSK" name="powTest" data-provider="powData" finished-at="2021-10-19T11:27:55 MSK" duration-ms="0" status="PASS">
          <params>
            <param index="0">
              <value>
                <![CDATA[2.0]]>
              </value>
            </param>
            <param index="1">
              <value>
                <![CDATA[3.0]]>
              </value>
            </param>
            <param index="2">
              <value>
                <![CDATA[8.0]]>
              </value>
            </param>
          </params>
          <reporter-output>
          </reporter-output>
        </test-method> <!-- powTest -->
        <test-method is-config="true" signature="tearDown()[pri:0, instance:com.epam.tc.hw1.compound.CalculatorPowTest@20f5239f]" started-at="2021-10-19T11:27:55 MSK" name="tearDown" finished-at="2021-10-19T11:27:55 MSK" duration-ms="0" status="PASS">
          <reporter-output>
          </reporter-output>
        </test-method> <!-- tearDown -->
        <test-method is-config="true" signature="setUp()[pri:0, instance:com.epam.tc.hw1.compound.CalculatorPowTest@20f5239f]" started-at="2021-10-19T11:27:55 MSK" name="setUp" finished-at="2021-10-19T11:27:55 MSK" duration-ms="0" status="PASS">
          <reporter-output>
          </reporter-output>
        </test-method> <!-- setUp -->
        <test-method signature="powTest(double,double,double)[pri:0, instance:com.epam.tc.hw1.compound.CalculatorPowTest@20f5239f]" started-at="2021-10-19T11:27:55 MSK" name="powTest" data-provider="powData" finished-at="2021-10-19T11:27:55 MSK" duration-ms="0" status="PASS">
          <params>
            <param index="0">
              <value>
                <![CDATA[3.0]]>
              </value>
            </param>
            <param index="1">
              <value>
                <![CDATA[1.1]]>
              </value>
            </param>
            <param index="2">
              <value>
                <![CDATA[3.0]]>
              </value>
            </param>
          </params>
          <reporter-output>
          </reporter-output>
        </test-method> <!-- powTest -->
        <test-method is-config="true" signature="setUp()[pri:0, instance:com.epam.tc.hw1.compound.CalculatorPowTest@20f5239f]" started-at="2021-10-19T11:27:55 MSK" name="setUp" finished-at="2021-10-19T11:27:55 MSK" duration-ms="0" status="PASS">
          <reporter-output>
          </reporter-output>
        </test-method> <!-- setUp -->
        <test-method is-config="true" signature="tearDown()[pri:0, instance:com.epam.tc.hw1.compound.CalculatorPowTest@20f5239f]" started-at="2021-10-19T11:27:55 MSK" name="tearDown" finished-at="2021-10-19T11:27:55 MSK" duration-ms="0" status="PASS">
          <reporter-output>
          </reporter-output>
        </test-method> <!-- tearDown -->
        <test-method is-config="true" signature="setUp()[pri:0, instance:com.epam.tc.hw1.compound.CalculatorPowTest@20f5239f]" started-at="2021-10-19T11:27:55 MSK" name="setUp" finished-at="2021-10-19T11:27:55 MSK" duration-ms="0" status="PASS">
          <reporter-output>
          </reporter-output>
        </test-method> <!-- setUp -->
        <test-method is-config="true" signature="tearDown()[pri:0, instance:com.epam.tc.hw1.compound.CalculatorPowTest@20f5239f]" started-at="2021-10-19T11:27:55 MSK" name="tearDown" finished-at="2021-10-19T11:27:55 MSK" duration-ms="0" status="PASS">
          <reporter-output>
          </reporter-output>
        </test-method> <!-- tearDown -->
        <test-method signature="powTest(double,double,double)[pri:0, instance:com.epam.tc.hw1.compound.CalculatorPowTest@20f5239f]" started-at="2021-10-19T11:27:55 MSK" name="powTest" data-provider="powData" finished-at="2021-10-19T11:27:55 MSK" duration-ms="0" status="PASS">
          <params>
            <param index="0">
              <value>
                <![CDATA[3.1]]>
              </value>
            </param>
            <param index="1">
              <value>
                <![CDATA[2.2]]>
              </value>
            </param>
            <param index="2">
              <value>
                <![CDATA[9.610000000000001]]>
              </value>
            </param>
          </params>
          <reporter-output>
          </reporter-output>
        </test-method> <!-- powTest -->
        <test-method is-config="true" signature="tearDown()[pri:0, instance:com.epam.tc.hw1.compound.CalculatorPowTest@20f5239f]" started-at="2021-10-19T11:27:55 MSK" name="tearDown" finished-at="2021-10-19T11:27:55 MSK" duration-ms="0" status="PASS">
          <reporter-output>
          </reporter-output>
        </test-method> <!-- tearDown -->
        <test-method signature="powTest(double,double,double)[pri:0, instance:com.epam.tc.hw1.compound.CalculatorPowTest@20f5239f]" started-at="2021-10-19T11:27:55 MSK" name="powTest" data-provider="powData" finished-at="2021-10-19T11:27:55 MSK" duration-ms="0" status="PASS">
          <params>
            <param index="0">
              <value>
                <![CDATA[-3.0]]>
              </value>
            </param>
            <param index="1">
              <value>
                <![CDATA[3.2]]>
              </value>
            </param>
            <param index="2">
              <value>
                <![CDATA[-27.0]]>
              </value>
            </param>
          </params>
          <reporter-output>
          </reporter-output>
        </test-method> <!-- powTest -->
      </class> <!-- com.epam.tc.hw1.compound.CalculatorPowTest -->
      <class name="com.epam.tc.hw1.compound.CalculatorSqrtTest">
        <test-method signature="multLongTest(double,double)[pri:0, instance:com.epam.tc.hw1.compound.CalculatorSqrtTest@57af006c]" started-at="2021-10-19T11:27:55 MSK" name="multLongTest" data-provider="sqrtData" finished-at="2021-10-19T11:27:55 MSK" duration-ms="0" status="PASS">
          <params>
            <param index="0">
              <value>
                <![CDATA[4.0]]>
              </value>
            </param>
            <param index="1">
              <value>
                <![CDATA[2.0]]>
              </value>
            </param>
          </params>
          <reporter-output>
          </reporter-output>
        </test-method> <!-- multLongTest -->
        <test-method is-config="true" signature="setUp()[pri:0, instance:com.epam.tc.hw1.compound.CalculatorSqrtTest@57af006c]" started-at="2021-10-19T11:27:55 MSK" name="setUp" finished-at="2021-10-19T11:27:55 MSK" duration-ms="0" status="PASS">
          <reporter-output>
          </reporter-output>
        </test-method> <!-- setUp -->
        <test-method is-config="true" signature="tearDown()[pri:0, instance:com.epam.tc.hw1.compound.CalculatorSqrtTest@57af006c]" started-at="2021-10-19T11:27:55 MSK" name="tearDown" finished-at="2021-10-19T11:27:55 MSK" duration-ms="16" status="PASS">
          <reporter-output>
          </reporter-output>
        </test-method> <!-- tearDown -->
        <test-method is-config="true" signature="tearDown()[pri:0, instance:com.epam.tc.hw1.compound.CalculatorSqrtTest@57af006c]" started-at="2021-10-19T11:27:55 MSK" name="tearDown" finished-at="2021-10-19T11:27:55 MSK" duration-ms="0" status="PASS">
          <reporter-output>
          </reporter-output>
        </test-method> <!-- tearDown -->
        <test-method is-config="true" signature="tearDown()[pri:0, instance:com.epam.tc.hw1.compound.CalculatorSqrtTest@57af006c]" started-at="2021-10-19T11:27:55 MSK" name="tearDown" finished-at="2021-10-19T11:27:55 MSK" duration-ms="0" status="PASS">
          <reporter-output>
          </reporter-output>
        </test-method> <!-- tearDown -->
        <test-method signature="multLongTest(double,double)[pri:0, instance:com.epam.tc.hw1.compound.CalculatorSqrtTest@57af006c]" started-at="2021-10-19T11:27:55 MSK" name="multLongTest" data-provider="sqrtData" finished-at="2021-10-19T11:27:55 MSK" duration-ms="0" status="PASS">
          <params>
            <param index="0">
              <value>
                <![CDATA[9.0]]>
              </value>
            </param>
            <param index="1">
              <value>
                <![CDATA[3.0]]>
              </value>
            </param>
          </params>
          <reporter-output>
          </reporter-output>
        </test-method> <!-- multLongTest -->
        <test-method signature="multLongTest(double,double)[pri:0, instance:com.epam.tc.hw1.compound.CalculatorSqrtTest@57af006c]" started-at="2021-10-19T11:27:55 MSK" name="multLongTest" data-provider="sqrtData" finished-at="2021-10-19T11:27:55 MSK" duration-ms="0" status="PASS">
          <params>
            <param index="0">
              <value>
                <![CDATA[1.44]]>
              </value>
            </param>
            <param index="1">
              <value>
                <![CDATA[1.2]]>
              </value>
            </param>
          </params>
          <reporter-output>
          </reporter-output>
        </test-method> <!-- multLongTest -->
        <test-method is-config="true" signature="setUp()[pri:0, instance:com.epam.tc.hw1.compound.CalculatorSqrtTest@57af006c]" started-at="2021-10-19T11:27:55 MSK" name="setUp" finished-at="2021-10-19T11:27:55 MSK" duration-ms="0" status="PASS">
          <reporter-output>
          </reporter-output>
        </test-method> <!-- setUp -->
        <test-method is-config="true" signature="tearDown()[pri:0, instance:com.epam.tc.hw1.compound.CalculatorSqrtTest@57af006c]" started-at="2021-10-19T11:27:55 MSK" name="tearDown" finished-at="2021-10-19T11:27:55 MSK" duration-ms="0" status="PASS">
          <reporter-output>
          </reporter-output>
        </test-method> <!-- tearDown -->
        <test-method is-config="true" signature="setUp()[pri:0, instance:com.epam.tc.hw1.compound.CalculatorSqrtTest@57af006c]" started-at="2021-10-19T11:27:55 MSK" name="setUp" finished-at="2021-10-19T11:27:55 MSK" duration-ms="0" status="PASS">
          <reporter-output>
          </reporter-output>
        </test-method> <!-- setUp -->
        <test-method signature="multLongTest(double,double)[pri:0, instance:com.epam.tc.hw1.compound.CalculatorSqrtTest@57af006c]" started-at="2021-10-19T11:27:55 MSK" name="multLongTest" data-provider="sqrtData" finished-at="2021-10-19T11:27:55 MSK" duration-ms="0" status="PASS">
          <params>
            <param index="0">
              <value>
                <![CDATA[5.0]]>
              </value>
            </param>
            <param index="1">
              <value>
                <![CDATA[2.23606797749979]]>
              </value>
            </param>
          </params>
          <reporter-output>
          </reporter-output>
        </test-method> <!-- multLongTest -->
        <test-method is-config="true" signature="setUp()[pri:0, instance:com.epam.tc.hw1.compound.CalculatorSqrtTest@57af006c]" started-at="2021-10-19T11:27:55 MSK" name="setUp" finished-at="2021-10-19T11:27:55 MSK" duration-ms="0" status="PASS">
          <reporter-output>
          </reporter-output>
        </test-method> <!-- setUp -->
      </class> <!-- com.epam.tc.hw1.compound.CalculatorSqrtTest -->
    </test> <!-- Compound -->
    <test started-at="2021-10-19T11:27:55 MSK" name="Sign" finished-at="2021-10-19T11:27:55 MSK" duration-ms="31">
      <class name="com.epam.tc.hw1.sign.CalculatorPlusSignTest">
        <test-method signature="minusSignTest(long,boolean)[pri:0, instance:com.epam.tc.hw1.sign.CalculatorPlusSignTest@37654521]" started-at="2021-10-19T11:27:55 MSK" name="minusSignTest" data-provider="negativeNumberData" finished-at="2021-10-19T11:27:55 MSK" duration-ms="16" status="PASS">
          <params>
            <param index="0">
              <value>
                <![CDATA[7]]>
              </value>
            </param>
            <param index="1">
              <value>
                <![CDATA[false]]>
              </value>
            </param>
          </params>
          <reporter-output>
          </reporter-output>
        </test-method> <!-- minusSignTest -->
        <test-method is-config="true" signature="setUp()[pri:0, instance:com.epam.tc.hw1.sign.CalculatorPlusSignTest@37654521]" started-at="2021-10-19T11:27:55 MSK" name="setUp" finished-at="2021-10-19T11:27:55 MSK" duration-ms="0" status="PASS">
          <reporter-output>
          </reporter-output>
        </test-method> <!-- setUp -->
        <test-method is-config="true" signature="tearDown()[pri:0, instance:com.epam.tc.hw1.sign.CalculatorPlusSignTest@37654521]" started-at="2021-10-19T11:27:55 MSK" name="tearDown" finished-at="2021-10-19T11:27:55 MSK" duration-ms="0" status="PASS">
          <reporter-output>
          </reporter-output>
        </test-method> <!-- tearDown -->
        <test-method signature="minusSignTest(long,boolean)[pri:0, instance:com.epam.tc.hw1.sign.CalculatorPlusSignTest@37654521]" started-at="2021-10-19T11:27:55 MSK" name="minusSignTest" data-provider="negativeNumberData" finished-at="2021-10-19T11:27:55 MSK" duration-ms="0" status="PASS">
          <params>
            <param index="0">
              <value>
                <![CDATA[3]]>
              </value>
            </param>
            <param index="1">
              <value>
                <![CDATA[false]]>
              </value>
            </param>
          </params>
          <reporter-output>
          </reporter-output>
        </test-method> <!-- minusSignTest -->
        <test-method is-config="true" signature="tearDown()[pri:0, instance:com.epam.tc.hw1.sign.CalculatorPlusSignTest@37654521]" started-at="2021-10-19T11:27:55 MSK" name="tearDown" finished-at="2021-10-19T11:27:55 MSK" duration-ms="0" status="PASS">
          <reporter-output>
          </reporter-output>
        </test-method> <!-- tearDown -->
        <test-method is-config="true" signature="setUp()[pri:0, instance:com.epam.tc.hw1.sign.CalculatorPlusSignTest@37654521]" started-at="2021-10-19T11:27:55 MSK" name="setUp" finished-at="2021-10-19T11:27:55 MSK" duration-ms="0" status="PASS">
          <reporter-output>
          </reporter-output>
        </test-method> <!-- setUp -->
        <test-method signature="minusSignTest(long,boolean)[pri:0, instance:com.epam.tc.hw1.sign.CalculatorPlusSignTest@37654521]" started-at="2021-10-19T11:27:55 MSK" name="minusSignTest" data-provider="negativeNumberData" finished-at="2021-10-19T11:27:55 MSK" duration-ms="0" status="PASS">
          <params>
            <param index="0">
              <value>
                <![CDATA[-2]]>
              </value>
            </param>
            <param index="1">
              <value>
                <![CDATA[true]]>
              </value>
            </param>
          </params>
          <reporter-output>
          </reporter-output>
        </test-method> <!-- minusSignTest -->
        <test-method is-config="true" signature="setUp()[pri:0, instance:com.epam.tc.hw1.sign.CalculatorPlusSignTest@37654521]" started-at="2021-10-19T11:27:55 MSK" name="setUp" finished-at="2021-10-19T11:27:55 MSK" duration-ms="0" status="PASS">
          <reporter-output>
          </reporter-output>
        </test-method> <!-- setUp -->
        <test-method is-config="true" signature="setUp()[pri:0, instance:com.epam.tc.hw1.sign.CalculatorPlusSignTest@37654521]" started-at="2021-10-19T11:27:55 MSK" name="setUp" finished-at="2021-10-19T11:27:55 MSK" duration-ms="0" status="PASS">
          <reporter-output>
          </reporter-output>
        </test-method> <!-- setUp -->
        <test-method is-config="true" signature="setUp()[pri:0, instance:com.epam.tc.hw1.sign.CalculatorPlusSignTest@37654521]" started-at="2021-10-19T11:27:55 MSK" name="setUp" finished-at="2021-10-19T11:27:55 MSK" duration-ms="0" status="PASS">
          <reporter-output>
          </reporter-output>
        </test-method> <!-- setUp -->
        <test-method signature="minusSignTest(long,boolean)[pri:0, instance:com.epam.tc.hw1.sign.CalculatorPlusSignTest@37654521]" started-at="2021-10-19T11:27:55 MSK" name="minusSignTest" data-provider="negativeNumberData" finished-at="2021-10-19T11:27:55 MSK" duration-ms="0" status="PASS">
          <params>
            <param index="0">
              <value>
                <![CDATA[-896]]>
              </value>
            </param>
            <param index="1">
              <value>
                <![CDATA[true]]>
              </value>
            </param>
          </params>
          <reporter-output>
          </reporter-output>
        </test-method> <!-- minusSignTest -->
        <test-method is-config="true" signature="tearDown()[pri:0, instance:com.epam.tc.hw1.sign.CalculatorPlusSignTest@37654521]" started-at="2021-10-19T11:27:55 MSK" name="tearDown" finished-at="2021-10-19T11:27:55 MSK" duration-ms="0" status="PASS">
          <reporter-output>
          </reporter-output>
        </test-method> <!-- tearDown -->
        <test-method is-config="true" signature="tearDown()[pri:0, instance:com.epam.tc.hw1.sign.CalculatorPlusSignTest@37654521]" started-at="2021-10-19T11:27:55 MSK" name="tearDown" finished-at="2021-10-19T11:27:55 MSK" duration-ms="0" status="PASS">
          <reporter-output>
          </reporter-output>
        </test-method> <!-- tearDown -->
        <test-method is-config="true" signature="tearDown()[pri:0, instance:com.epam.tc.hw1.sign.CalculatorPlusSignTest@37654521]" started-at="2021-10-19T11:27:55 MSK" name="tearDown" finished-at="2021-10-19T11:27:55 MSK" duration-ms="0" status="PASS">
          <reporter-output>
          </reporter-output>
        </test-method> <!-- tearDown -->
        <test-method is-config="true" signature="tearDown()[pri:0, instance:com.epam.tc.hw1.sign.CalculatorPlusSignTest@37654521]" started-at="2021-10-19T11:27:55 MSK" name="tearDown" finished-at="2021-10-19T11:27:55 MSK" duration-ms="0" status="PASS">
          <reporter-output>
          </reporter-output>
        </test-method> <!-- tearDown -->
        <test-method signature="plusSignTest(long,boolean)[pri:0, instance:com.epam.tc.hw1.sign.CalculatorPlusSignTest@37654521]" started-at="2021-10-19T11:27:55 MSK" name="plusSignTest" data-provider="positiveNumberData" finished-at="2021-10-19T11:27:55 MSK" duration-ms="15" status="PASS">
          <params>
            <param index="0">
              <value>
                <![CDATA[7]]>
              </value>
            </param>
            <param index="1">
              <value>
                <![CDATA[true]]>
              </value>
            </param>
          </params>
          <reporter-output>
          </reporter-output>
        </test-method> <!-- plusSignTest -->
        <test-method is-config="true" signature="setUp()[pri:0, instance:com.epam.tc.hw1.sign.CalculatorPlusSignTest@37654521]" started-at="2021-10-19T11:27:55 MSK" name="setUp" finished-at="2021-10-19T11:27:55 MSK" duration-ms="0" status="PASS">
          <reporter-output>
          </reporter-output>
        </test-method> <!-- setUp -->
        <test-method is-config="true" signature="tearDown()[pri:0, instance:com.epam.tc.hw1.sign.CalculatorPlusSignTest@37654521]" started-at="2021-10-19T11:27:55 MSK" name="tearDown" finished-at="2021-10-19T11:27:55 MSK" duration-ms="0" status="PASS">
          <reporter-output>
          </reporter-output>
        </test-method> <!-- tearDown -->
        <test-method signature="minusSignTest(long,boolean)[pri:0, instance:com.epam.tc.hw1.sign.CalculatorPlusSignTest@37654521]" started-at="2021-10-19T11:27:55 MSK" name="minusSignTest" data-provider="negativeNumberData" finished-at="2021-10-19T11:27:55 MSK" duration-ms="0" status="PASS">
          <params>
            <param index="0">
              <value>
                <![CDATA[-912]]>
              </value>
            </param>
            <param index="1">
              <value>
                <![CDATA[true]]>
              </value>
            </param>
          </params>
          <reporter-output>
          </reporter-output>
        </test-method> <!-- minusSignTest -->
        <test-method is-config="true" signature="setUp()[pri:0, instance:com.epam.tc.hw1.sign.CalculatorPlusSignTest@37654521]" started-at="2021-10-19T11:27:55 MSK" name="setUp" finished-at="2021-10-19T11:27:55 MSK" duration-ms="0" status="PASS">
          <reporter-output>
          </reporter-output>
        </test-method> <!-- setUp -->
        <test-method is-config="true" signature="tearDown()[pri:0, instance:com.epam.tc.hw1.sign.CalculatorPlusSignTest@37654521]" started-at="2021-10-19T11:27:55 MSK" name="tearDown" finished-at="2021-10-19T11:27:55 MSK" duration-ms="0" status="PASS">
          <reporter-output>
          </reporter-output>
        </test-method> <!-- tearDown -->
        <test-method signature="minusSignTest(long,boolean)[pri:0, instance:com.epam.tc.hw1.sign.CalculatorPlusSignTest@37654521]" started-at="2021-10-19T11:27:55 MSK" name="minusSignTest" data-provider="negativeNumberData" finished-at="2021-10-19T11:27:55 MSK" duration-ms="0" status="PASS">
          <params>
            <param index="0">
              <value>
                <![CDATA[-15]]>
              </value>
            </param>
            <param index="1">
              <value>
                <![CDATA[true]]>
              </value>
            </param>
          </params>
          <reporter-output>
          </reporter-output>
        </test-method> <!-- minusSignTest -->
        <test-method signature="plusSignTest(long,boolean)[pri:0, instance:com.epam.tc.hw1.sign.CalculatorPlusSignTest@37654521]" started-at="2021-10-19T11:27:55 MSK" name="plusSignTest" data-provider="positiveNumberData" finished-at="2021-10-19T11:27:55 MSK" duration-ms="0" status="PASS">
          <params>
            <param index="0">
              <value>
                <![CDATA[3]]>
              </value>
            </param>
            <param index="1">
              <value>
                <![CDATA[true]]>
              </value>
            </param>
          </params>
          <reporter-output>
          </reporter-output>
        </test-method> <!-- plusSignTest -->
        <test-method is-config="true" signature="setUp()[pri:0, instance:com.epam.tc.hw1.sign.CalculatorPlusSignTest@37654521]" started-at="2021-10-19T11:27:55 MSK" name="setUp" finished-at="2021-10-19T11:27:55 MSK" duration-ms="0" status="PASS">
          <reporter-output>
          </reporter-output>
        </test-method> <!-- setUp -->
        <test-method is-config="true" signature="setUp()[pri:0, instance:com.epam.tc.hw1.sign.CalculatorPlusSignTest@37654521]" started-at="2021-10-19T11:27:55 MSK" name="setUp" finished-at="2021-10-19T11:27:55 MSK" duration-ms="0" status="PASS">
          <reporter-output>
          </reporter-output>
        </test-method> <!-- setUp -->
        <test-method is-config="true" signature="tearDown()[pri:0, instance:com.epam.tc.hw1.sign.CalculatorPlusSignTest@37654521]" started-at="2021-10-19T11:27:55 MSK" name="tearDown" finished-at="2021-10-19T11:27:55 MSK" duration-ms="0" status="PASS">
          <reporter-output>
          </reporter-output>
        </test-method> <!-- tearDown -->
        <test-method signature="minusSignTest(long,boolean)[pri:0, instance:com.epam.tc.hw1.sign.CalculatorPlusSignTest@37654521]" started-at="2021-10-19T11:27:55 MSK" name="minusSignTest" data-provider="negativeNumberData" finished-at="2021-10-19T11:27:55 MSK" duration-ms="0" status="PASS">
          <params>
            <param index="0">
              <value>
                <![CDATA[48]]>
              </value>
            </param>
            <param index="1">
              <value>
                <![CDATA[false]]>
              </value>
            </param>
          </params>
          <reporter-output>
          </reporter-output>
        </test-method> <!-- minusSignTest -->
        <test-method is-config="true" signature="setUp()[pri:0, instance:com.epam.tc.hw1.sign.CalculatorPlusSignTest@37654521]" started-at="2021-10-19T11:27:55 MSK" name="setUp" finished-at="2021-10-19T11:27:55 MSK" duration-ms="0" status="PASS">
          <reporter-output>
          </reporter-output>
        </test-method> <!-- setUp -->
        <test-method signature="plusSignTest(long,boolean)[pri:0, instance:com.epam.tc.hw1.sign.CalculatorPlusSignTest@37654521]" started-at="2021-10-19T11:27:55 MSK" name="plusSignTest" data-provider="positiveNumberData" finished-at="2021-10-19T11:27:55 MSK" duration-ms="0" status="PASS">
          <params>
            <param index="0">
              <value>
                <![CDATA[-2]]>
              </value>
            </param>
            <param index="1">
              <value>
                <![CDATA[false]]>
              </value>
            </param>
          </params>
          <reporter-output>
          </reporter-output>
        </test-method> <!-- plusSignTest -->
        <test-method signature="plusSignTest(long,boolean)[pri:0, instance:com.epam.tc.hw1.sign.CalculatorPlusSignTest@37654521]" started-at="2021-10-19T11:27:55 MSK" name="plusSignTest" data-provider="positiveNumberData" finished-at="2021-10-19T11:27:55 MSK" duration-ms="0" status="PASS">
          <params>
            <param index="0">
              <value>
                <![CDATA[-15]]>
              </value>
            </param>
            <param index="1">
              <value>
                <![CDATA[false]]>
              </value>
            </param>
          </params>
          <reporter-output>
          </reporter-output>
        </test-method> <!-- plusSignTest -->
        <test-method is-config="true" signature="setUp()[pri:0, instance:com.epam.tc.hw1.sign.CalculatorPlusSignTest@37654521]" started-at="2021-10-19T11:27:55 MSK" name="setUp" finished-at="2021-10-19T11:27:55 MSK" duration-ms="0" status="PASS">
          <reporter-output>
          </reporter-output>
        </test-method> <!-- setUp -->
        <test-method signature="plusSignTest(long,boolean)[pri:0, instance:com.epam.tc.hw1.sign.CalculatorPlusSignTest@37654521]" started-at="2021-10-19T11:27:55 MSK" name="plusSignTest" data-provider="positiveNumberData" finished-at="2021-10-19T11:27:55 MSK" duration-ms="0" status="PASS">
          <params>
            <param index="0">
              <value>
                <![CDATA[912]]>
              </value>
            </param>
            <param index="1">
              <value>
                <![CDATA[true]]>
              </value>
            </param>
          </params>
          <reporter-output>
          </reporter-output>
        </test-method> <!-- plusSignTest -->
        <test-method is-config="true" signature="tearDown()[pri:0, instance:com.epam.tc.hw1.sign.CalculatorPlusSignTest@37654521]" started-at="2021-10-19T11:27:55 MSK" name="tearDown" finished-at="2021-10-19T11:27:55 MSK" duration-ms="0" status="PASS">
          <reporter-output>
          </reporter-output>
        </test-method> <!-- tearDown -->
        <test-method signature="plusSignTest(long,boolean)[pri:0, instance:com.epam.tc.hw1.sign.CalculatorPlusSignTest@37654521]" started-at="2021-10-19T11:27:55 MSK" name="plusSignTest" data-provider="positiveNumberData" finished-at="2021-10-19T11:27:55 MSK" duration-ms="0" status="PASS">
          <params>
            <param index="0">
              <value>
                <![CDATA[150]]>
              </value>
            </param>
            <param index="1">
              <value>
                <![CDATA[true]]>
              </value>
            </param>
          </params>
          <reporter-output>
          </reporter-output>
        </test-method> <!-- plusSignTest -->
        <test-method is-config="true" signature="tearDown()[pri:0, instance:com.epam.tc.hw1.sign.CalculatorPlusSignTest@37654521]" started-at="2021-10-19T11:27:55 MSK" name="tearDown" finished-at="2021-10-19T11:27:55 MSK" duration-ms="0" status="PASS">
          <reporter-output>
          </reporter-output>
        </test-method> <!-- tearDown -->
        <test-method is-config="true" signature="tearDown()[pri:0, instance:com.epam.tc.hw1.sign.CalculatorPlusSignTest@37654521]" started-at="2021-10-19T11:27:55 MSK" name="tearDown" finished-at="2021-10-19T11:27:55 MSK" duration-ms="0" status="PASS">
          <reporter-output>
          </reporter-output>
        </test-method> <!-- tearDown -->
        <test-method is-config="true" signature="setUp()[pri:0, instance:com.epam.tc.hw1.sign.CalculatorPlusSignTest@37654521]" started-at="2021-10-19T11:27:55 MSK" name="setUp" finished-at="2021-10-19T11:27:55 MSK" duration-ms="0" status="PASS">
          <reporter-output>
          </reporter-output>
        </test-method> <!-- setUp -->
        <test-method is-config="true" signature="tearDown()[pri:0, instance:com.epam.tc.hw1.sign.CalculatorPlusSignTest@37654521]" started-at="2021-10-19T11:27:55 MSK" name="tearDown" finished-at="2021-10-19T11:27:55 MSK" duration-ms="0" status="PASS">
          <reporter-output>
          </reporter-output>
        </test-method> <!-- tearDown -->
        <test-method is-config="true" signature="tearDown()[pri:0, instance:com.epam.tc.hw1.sign.CalculatorPlusSignTest@37654521]" started-at="2021-10-19T11:27:55 MSK" name="tearDown" finished-at="2021-10-19T11:27:55 MSK" duration-ms="0" status="PASS">
          <reporter-output>
          </reporter-output>
        </test-method> <!-- tearDown -->
        <test-method signature="plusSignTest(long,boolean)[pri:0, instance:com.epam.tc.hw1.sign.CalculatorPlusSignTest@37654521]" started-at="2021-10-19T11:27:55 MSK" name="plusSignTest" data-provider="positiveNumberData" finished-at="2021-10-19T11:27:55 MSK" duration-ms="0" status="PASS">
          <params>
            <param index="0">
              <value>
                <![CDATA[48]]>
              </value>
            </param>
            <param index="1">
              <value>
                <![CDATA[true]]>
              </value>
            </param>
          </params>
          <reporter-output>
          </reporter-output>
        </test-method> <!-- plusSignTest -->
        <test-method is-config="true" signature="setUp()[pri:0, instance:com.epam.tc.hw1.sign.CalculatorPlusSignTest@37654521]" started-at="2021-10-19T11:27:55 MSK" name="setUp" finished-at="2021-10-19T11:27:55 MSK" duration-ms="0" status="PASS">
          <reporter-output>
          </reporter-output>
        </test-method> <!-- setUp -->
        <test-method is-config="true" signature="setUp()[pri:0, instance:com.epam.tc.hw1.sign.CalculatorPlusSignTest@37654521]" started-at="2021-10-19T11:27:55 MSK" name="setUp" finished-at="2021-10-19T11:27:55 MSK" duration-ms="0" status="PASS">
          <reporter-output>
          </reporter-output>
        </test-method> <!-- setUp -->
      </class> <!-- com.epam.tc.hw1.sign.CalculatorPlusSignTest -->
    </test> <!-- Sign -->
    <test started-at="2021-10-19T11:27:55 MSK" name="Trigonometry" finished-at="2021-10-19T11:27:55 MSK" duration-ms="0">
      <class name="com.epam.tc.hw1.trigonometry.CalculatorSinTest">
        <test-method is-config="true" signature="setUp()[pri:0, instance:com.epam.tc.hw1.trigonometry.CalculatorSinTest@24fcf36f]" started-at="2021-10-19T11:27:55 MSK" name="setUp" finished-at="2021-10-19T11:27:55 MSK" duration-ms="0" status="PASS">
          <reporter-output>
          </reporter-output>
        </test-method> <!-- setUp -->
        <test-method signature="sinTest(double,double)[pri:0, instance:com.epam.tc.hw1.trigonometry.CalculatorSinTest@24fcf36f]" started-at="2021-10-19T11:27:55 MSK" name="sinTest" data-provider="sinData" finished-at="2021-10-19T11:27:55 MSK" duration-ms="0" status="PASS">
          <params>
            <param index="0">
              <value>
                <![CDATA[0.7853981633974483]]>
              </value>
            </param>
            <param index="1">
              <value>
                <![CDATA[0.7071067811865475]]>
              </value>
            </param>
          </params>
          <reporter-output>
          </reporter-output>
        </test-method> <!-- sinTest -->
        <test-method signature="sinTest(double,double)[pri:0, instance:com.epam.tc.hw1.trigonometry.CalculatorSinTest@24fcf36f]" started-at="2021-10-19T11:27:55 MSK" name="sinTest" data-provider="sinData" finished-at="2021-10-19T11:27:55 MSK" duration-ms="0" status="PASS">
          <params>
            <param index="0">
              <value>
                <![CDATA[0.5235987755982988]]>
              </value>
            </param>
            <param index="1">
              <value>
                <![CDATA[0.49999999999999994]]>
              </value>
            </param>
          </params>
          <reporter-output>
          </reporter-output>
        </test-method> <!-- sinTest -->
        <test-method is-config="true" signature="setUp()[pri:0, instance:com.epam.tc.hw1.trigonometry.CalculatorSinTest@24fcf36f]" started-at="2021-10-19T11:27:55 MSK" name="setUp" finished-at="2021-10-19T11:27:55 MSK" duration-ms="0" status="PASS">
          <reporter-output>
          </reporter-output>
        </test-method> <!-- setUp -->
        <test-method is-config="true" signature="tearDown()[pri:0, instance:com.epam.tc.hw1.trigonometry.CalculatorSinTest@24fcf36f]" started-at="2021-10-19T11:27:55 MSK" name="tearDown" finished-at="2021-10-19T11:27:55 MSK" duration-ms="0" status="PASS">
          <reporter-output>
          </reporter-output>
        </test-method> <!-- tearDown -->
        <test-method is-config="true" signature="tearDown()[pri:0, instance:com.epam.tc.hw1.trigonometry.CalculatorSinTest@24fcf36f]" started-at="2021-10-19T11:27:55 MSK" name="tearDown" finished-at="2021-10-19T11:27:55 MSK" duration-ms="0" status="PASS">
          <reporter-output>
          </reporter-output>
        </test-method> <!-- tearDown -->
        <test-method is-config="true" signature="setUp()[pri:0, instance:com.epam.tc.hw1.trigonometry.CalculatorSinTest@24fcf36f]" started-at="2021-10-19T11:27:55 MSK" name="setUp" finished-at="2021-10-19T11:27:55 MSK" duration-ms="0" status="PASS">
          <reporter-output>
          </reporter-output>
        </test-method> <!-- setUp -->
        <test-method is-config="true" signature="tearDown()[pri:0, instance:com.epam.tc.hw1.trigonometry.CalculatorSinTest@24fcf36f]" started-at="2021-10-19T11:27:55 MSK" name="tearDown" finished-at="2021-10-19T11:27:55 MSK" duration-ms="0" status="PASS">
          <reporter-output>
          </reporter-output>
        </test-method> <!-- tearDown -->
        <test-method signature="sinTest(double,double)[pri:0, instance:com.epam.tc.hw1.trigonometry.CalculatorSinTest@24fcf36f]" started-at="2021-10-19T11:27:55 MSK" name="sinTest" data-provider="sinData" finished-at="2021-10-19T11:27:55 MSK" duration-ms="0" status="PASS">
          <params>
            <param index="0">
              <value>
                <![CDATA[1.0471975511965976]]>
              </value>
            </param>
            <param index="1">
              <value>
                <![CDATA[0.8660254037844386]]>
              </value>
            </param>
          </params>
          <reporter-output>
          </reporter-output>
        </test-method> <!-- sinTest -->
      </class> <!-- com.epam.tc.hw1.trigonometry.CalculatorSinTest -->
    </test> <!-- Trigonometry -->
  </suite> <!-- All Calculator Test Suite -->
</testng-results>
