<?xml version="1.0" encoding="UTF-8"?>
<testsuite xmlns:xsi="http://www.w3.org/2001/XMLSchema-instance" xsi:noNamespaceSchemaLocation="https://maven.apache.org/surefire/maven-surefire-plugin/xsd/surefire-test-report-3.0.xsd" version="3.0" name="TestSuite" time="2.043" tests="45" errors="0" skipped="0" failures="0">
  <properties>
[...]
</properties>
  <testcase name="divideDoubleData[2.4, 3.0, 0.7999999999999999](1)" classname="com.epam.tc.hw1.basics.CalculatorDivideTest" time="0.132">
    <system-out><![CDATA[before method
]]></system-out>
  </testcase>
  <testcase name="divideDoubleData[3.0, 4.0, 0.75](2)" classname="com.epam.tc.hw1.basics.CalculatorDivideTest" time="0">
    <system-out><![CDATA[after method

before method
]]></system-out>
  </testcase>
  <testcase name="divideLongData[2, 3, 0](1)" classname="com.epam.tc.hw1.basics.CalculatorDivideTest" time="0">
    <system-out><![CDATA[after method

before method
]]></system-out>
  </testcase>
  <testcase name="divideLongData[7, 7, 1](2)" classname="com.epam.tc.hw1.basics.CalculatorDivideTest" time="0">
    <system-out><![CDATA[after method

before method
]]></system-out>
  </testcase>
  <testcase name="invalidLongInput[4, 0](1)" classname="com.epam.tc.hw1.basics.CalculatorDivideTest" time="0.015">
    <system-out><![CDATA[after method

before method
]]></system-out>
  </testcase>
  <testcase name="invalidLongInput[3, 0](2)" classname="com.epam.tc.hw1.basics.CalculatorDivideTest" time="0">
    <system-out><![CDATA[after method

before method
]]></system-out>
  </testcase>
  <testcase name="invalidLongInput[5, 0](3)" classname="com.epam.tc.hw1.basics.CalculatorDivideTest" time="0">
    <system-out><![CDATA[after method

before method
]]></system-out>
  </testcase>
  <testcase name="multLongTest[2, 3, 6](1)" classname="com.epam.tc.hw1.basics.CalculatorMultiplyTest" time="0">
    <system-out><![CDATA[after method

before method
]]></system-out>
  </testcase>
  <testcase name="multLongTest[7, 7, 49](2)" classname="com.epam.tc.hw1.basics.CalculatorMultiplyTest" time="0">
    <system-out><![CDATA[after method

before method
]]></system-out>
  </testcase>
  <testcase name="sumDoubleTest[2.0, 3.1, 6.0](1)" classname="com.epam.tc.hw1.basics.CalculatorMultiplyTest" time="0">
    <system-out><![CDATA[after method

before method
]]></system-out>
  </testcase>
  <testcase name="sumDoubleTest[7.5, 7.3, 54.0](2)" classname="com.epam.tc.hw1.basics.CalculatorMultiplyTest" time="0">
    <system-out><![CDATA[after method

before method
]]></system-out>
  </testcase>
  <testcase name="subDoubleTest[2.0, 3.1, -1.1](1)" classname="com.epam.tc.hw1.basics.CalculatorSubtractTest" time="0">
    <system-out><![CDATA[after method

before method
]]></system-out>
  </testcase>
  <testcase name="subDoubleTest[8.9, 7.3, 1.6000000000000005](2)" classname="com.epam.tc.hw1.basics.CalculatorSubtractTest" time="0">
    <system-out><![CDATA[after method

before method
]]></system-out>
  </testcase>
  <testcase name="subLongTest[2, 3, -1](1)" classname="com.epam.tc.hw1.basics.CalculatorSubtractTest" time="0">
    <system-out><![CDATA[after method

before method
]]></system-out>
  </testcase>
  <testcase name="subLongTest[7, 7, 0](2)" classname="com.epam.tc.hw1.basics.CalculatorSubtractTest" time="0">
    <system-out><![CDATA[after method

before method
]]></system-out>
  </testcase>
  <testcase name="subLongTest[8, 3, 5](3)" classname="com.epam.tc.hw1.basics.CalculatorSubtractTest" time="0">
    <system-out><![CDATA[after method

before method
]]></system-out>
  </testcase>
  <testcase name="sumDoubleTest[2.0, 3.1, 5.1](1)" classname="com.epam.tc.hw1.basics.CalculatorSumTest" time="0">
    <system-out><![CDATA[after method

before method
]]></system-out>
  </testcase>
  <testcase name="sumDoubleTest[7.5, 7.3, 14.8](2)" classname="com.epam.tc.hw1.basics.CalculatorSumTest" time="0.016">
    <system-out><![CDATA[after method

before method
]]></system-out>
  </testcase>
  <testcase name="sumLongTest[2, 3, 5](1)" classname="com.epam.tc.hw1.basics.CalculatorSumTest" time="0">
    <system-out><![CDATA[after method

before method
]]></system-out>
  </testcase>
  <testcase name="sumLongTest[7, 7, 14](2)" classname="com.epam.tc.hw1.basics.CalculatorSumTest" time="0">
    <system-out><![CDATA[after method

before method
]]></system-out>
  </testcase>
  <testcase name="powTest[2.0, 3.0, 8.0](1)" classname="com.epam.tc.hw1.compound.CalculatorPowTest" time="0">
    <system-out><![CDATA[after method

before method
]]></system-out>
  </testcase>
  <testcase name="powTest[3.0, 1.1, 3.0](2)" classname="com.epam.tc.hw1.compound.CalculatorPowTest" time="0">
    <system-out><![CDATA[after method

before method
]]></system-out>
  </testcase>
  <testcase name="powTest[-3.0, 3.2, -27.0](3)" classname="com.epam.tc.hw1.compound.CalculatorPowTest" time="0">
    <system-out><![CDATA[after method

before method
]]></system-out>
  </testcase>
  <testcase name="powTest[3.1, 2.2, 9.610000000000001](4)" classname="com.epam.tc.hw1.compound.CalculatorPowTest" time="0">
    <system-out><![CDATA[after method

before method
]]></system-out>
  </testcase>
  <testcase name="multLongTest[4.0, 2.0](1)" classname="com.epam.tc.hw1.compound.CalculatorSqrtTest" time="0">
    <system-out><![CDATA[after method

before method
]]></system-out>
  </testcase>
  <testcase name="multLongTest[5.0, 2.23606797749979](2)" classname="com.epam.tc.hw1.compound.CalculatorSqrtTest" time="0">
    <system-out><![CDATA[after method

before method
]]></system-out>
  </testcase>
  <testcase name="multLongTest[9.0, 3.0](3)" classname="com.epam.tc.hw1.compound.CalculatorSqrtTest" time="0">
    <system-out><![CDATA[after method

before method
]]></system-out>
  </testcase>
  <testcase name="multLongTest[1.44, 1.2](4)" classname="com.epam.tc.hw1.compound.CalculatorSqrtTest" time="0">
    <system-out><![CDATA[after method

before method
]]></system-out>
  </testcase>
  <testcase name="minusSignTest[-2, true](1)" classname="com.epam.tc.hw1.sign.CalculatorPlusSignTest" time="0">
    <system-out><![CDATA[after method

before method
]]></system-out>
  </testcase>
  <testcase name="minusSignTest[3, false](2)" classname="com.epam.tc.hw1.sign.CalculatorPlusSignTest" time="0.016">
    <system-out><![CDATA[after method

before method
]]></system-out>
  </testcase>
  <testcase name="minusSignTest[7, false](3)" classname="com.epam.tc.hw1.sign.CalculatorPlusSignTest" time="0">
    <system-out><![CDATA[after method

before method
]]></system-out>
  </testcase>
  <testcase name="minusSignTest[-15, true](4)" classname="com.epam.tc.hw1.sign.CalculatorPlusSignTest" time="0">
    <system-out><![CDATA[after method

before method
]]></system-out>
  </testcase>
  <testcase name="minusSignTest[48, false](5)" classname="com.epam.tc.hw1.sign.CalculatorPlusSignTest" time="0">
    <system-out><![CDATA[after method

before method
]]></system-out>
  </testcase>
  <testcase name="minusSignTest[-896, true](6)" classname="com.epam.tc.hw1.sign.CalculatorPlusSignTest" time="0">
    <system-out><![CDATA[after method

before method
]]></system-out>
  </testcase>
  <testcase name="minusSignTest[-912, true](7)" classname="com.epam.tc.hw1.sign.CalculatorPlusSignTest" time="0">
    <system-out><![CDATA[after method

before method
]]></system-out>
  </testcase>
  <testcase name="plusSignTest[-2, false](1)" classname="com.epam.tc.hw1.sign.CalculatorPlusSignTest" time="0">
    <system-out><![CDATA[after method

before method
]]></system-out>
  </testcase>
  <testcase name="plusSignTest[3, true](2)" classname="com.epam.tc.hw1.sign.CalculatorPlusSignTest" time="0">
    <system-out><![CDATA[after method

before method
]]></system-out>
  </testcase>
  <testcase name="plusSignTest[7, true](3)" classname="com.epam.tc.hw1.sign.CalculatorPlusSignTest" time="0">
    <system-out><![CDATA[after method

before method
]]></system-out>
  </testcase>
  <testcase name="plusSignTest[-15, false](4)" classname="com.epam.tc.hw1.sign.CalculatorPlusSignTest" time="0">
    <system-out><![CDATA[after method

before method
]]></system-out>
  </testcase>
  <testcase name="plusSignTest[48, true](5)" classname="com.epam.tc.hw1.sign.CalculatorPlusSignTest" time="0">
    <system-out><![CDATA[after method

before method
]]></system-out>
  </testcase>
  <testcase name="plusSignTest[150, true](6)" classname="com.epam.tc.hw1.sign.CalculatorPlusSignTest" time="0">
    <system-out><![CDATA[after method

before method
]]></system-out>
  </testcase>
  <testcase name="plusSignTest[912, true](7)" classname="com.epam.tc.hw1.sign.CalculatorPlusSignTest" time="0">
    <system-out><![CDATA[after method

before method
]]></system-out>
  </testcase>
  <testcase name="sinTest[0.5235987755982988, 0.49999999999999994](1)" classname="com.epam.tc.hw1.trigonometry.CalculatorSinTest" time="0">
    <system-out><![CDATA[after method

before method
]]></system-out>
  </testcase>
  <testcase name="sinTest[1.0471975511965976, 0.8660254037844386](2)" classname="com.epam.tc.hw1.trigonometry.CalculatorSinTest" time="0">
    <system-out><![CDATA[after method

before method
]]></system-out>
  </testcase>
  <testcase name="sinTest[0.7853981633974483, 0.7071067811865475](3)" classname="com.epam.tc.hw1.trigonometry.CalculatorSinTest" time="0">
    <system-out><![CDATA[after method

before method
]]></system-out>
  </testcase>
</testsuite>