<?xml version="1.0" encoding="UTF-8"?>
<testsuite xmlns:xsi="http://www.w3.org/2001/XMLSchema-instance" xsi:noNamespaceSchemaLocation="https://maven.apache.org/surefire/maven-surefire-plugin/xsd/surefire-test-report-3.0.xsd" version="3.0" name="TestSuite" time="1.387" tests="9" errors="0" skipped="0" failures="0">
  <properties>
[...]
</properties>
  <testcase name="sumDoubleTest[2.0, 3.1, 5.1](1)" classname="com.epam.tc.hw1.basics.CalculatorSumTest" time="0.116">
    <system-out><![CDATA[before method
]]></system-out>
  </testcase>
  <testcase name="sumDoubleTest[7.5, 7.3, 14.8](2)" classname="com.epam.tc.hw1.basics.CalculatorSumTest" time="0">
    <system-out><![CDATA[after method

before method
]]></system-out>
  </testcase>
  <testcase name="sumLongTest[2, 3, 5](1)" classname="com.epam.tc.hw1.basics.CalculatorSumTest" time="0">
    <system-out><![CDATA[after method

before method
]]></system-out>
  </testcase>
  <testcase name="sumLongTest[7, 7, 14](2)" classname="com.epam.tc.hw1.basics.CalculatorSumTest" time="0">
    <system-out><![CDATA[after method

before method
]]></system-out>
  </testcase>
  <testcase name="subDoubleTest[2.0, 3.1, -1.1](1)" classname="com.epam.tc.hw1.basics.CalculatorSubtractTest" time="0">
    <system-out><![CDATA[after method

before method
]]></system-out>
  </testcase>
  <testcase name="subDoubleTest[8.9, 7.3, 1.6000000000000005](2)" classname="com.epam.tc.hw1.basics.CalculatorSubtractTest" time="0">
    <system-out><![CDATA[after method

before method
]]></system-out>
  </testcase>
  <testcase name="subLongTest[2, 3, -1](1)" classname="com.epam.tc.hw1.basics.CalculatorSubtractTest" time="0">
    <system-out><![CDATA[after method

before method
]]></system-out>
  </testcase>
  <testcase name="subLongTest[7, 7, 0](2)" classname="com.epam.tc.hw1.basics.CalculatorSubtractTest" time="0">
    <system-out><![CDATA[after method

before method
]]></system-out>
  </testcase>
  <testcase name="subLongTest[8, 3, 5](3)" classname="com.epam.tc.hw1.basics.CalculatorSubtractTest" time="0">
    <system-out><![CDATA[after method

before method
]]></system-out>
  </testcase>
</testsuite>