<?xml version="1.0" encoding="UTF-8"?>
<!-- Generated by org.testng.reporters.JUnitXMLReporter -->
<testsuite ignored="0" hostname="LAPTOP-5OB1FN0K" failures="0" tests="4" name="Add Calculator Test" time="0.084" errors="0" timestamp="2021-10-16T15:08:53 MSK">
  <testcase classname="com.epam.tc.hw1.basics.CalculatorSumTest" name="sumDoubleTest" time="0.0"/>
  <testcase classname="com.epam.tc.hw1.basics.CalculatorSumTest" name="sumDoubleTest" time="0.0"/>
  <testcase classname="com.epam.tc.hw1.basics.CalculatorSumTest" name="sumLongTest" time="0.0"/>
  <testcase classname="com.epam.tc.hw1.basics.CalculatorSumTest" name="sumLongTest" time="0.0"/>
</testsuite> <!-- Add Calculator Test -->
