<?xml version="1.0" encoding="UTF-8"?>
<!-- Generated by org.testng.reporters.JUnitXMLReporter -->
<testsuite ignored="0" hostname="LAPTOP-5OB1FN0K" failures="0" tests="5" name="Subtract Calculator Test" time="0.016" errors="0" timestamp="2021-10-16T15:08:53 MSK">
  <testcase classname="com.epam.tc.hw1.basics.CalculatorSubtractTest" name="subDoubleTest" time="0.0"/>
  <testcase classname="com.epam.tc.hw1.basics.CalculatorSubtractTest" name="subDoubleTest" time="0.0"/>
  <testcase classname="com.epam.tc.hw1.basics.CalculatorSubtractTest" name="subLongTest" time="0.0"/>
  <testcase classname="com.epam.tc.hw1.basics.CalculatorSubtractTest" name="subLongTest" time="0.0"/>
  <testcase classname="com.epam.tc.hw1.basics.CalculatorSubtractTest" name="subLongTest" time="0.0"/>
</testsuite> <!-- Subtract Calculator Test -->
